# JRE version: OpenJDK Runtime Environment (11.0.13) (build 11.0.13+0-b1751.21-8125866)
# Java VM: OpenJDK 64-Bit Server VM (11.0.13+0-b1751.21-8125866, mixed mode, tiered, compressed oops, g1 gc, linux-amd64)
Heap:
 garbage-first heap   total 408576K, used 152904K [0x0000000080000000, 0x0000000100000000)
  region size 1024K, 12 young (12288K), 12 survivors (12288K)
 Metaspace       used 103771K, capacity 106324K, committed 106456K, reserved 1142784K
  class space    used 13127K, capacity 14043K, committed 14080K, reserved 1048576K
GC Heap History (20 events):
Event: 19.895 GC heap after
{Heap after GC invocations=32 (full 0):
 garbage-first heap   total 111616K, used 70681K [0x0000000080000000, 0x0000000100000000)
  region size 1024K, 2 young (2048K), 2 survivors (2048K)
 Metaspace       used 45472K, capacity 46682K, committed 46848K, reserved 1089536K
  class space    used 5697K, capacity 6140K, committed 6144K, reserved 1048576K
}
Event: 20.640 GC heap before
{Heap before GC invocations=33 (full 0):
 garbage-first heap   total 111616K, used 91161K [0x0000000080000000, 0x0000000100000000)
  region size 1024K, 18 young (18432K), 2 survivors (2048K)
 Metaspace       used 46630K, capacity 47875K, committed 48128K, reserved 1091584K
  class space    used 5889K, capacity 6346K, committed 6400K, reserved 1048576K
}
Event: 20.683 GC heap after
{Heap after GC invocations=34 (full 0):
 garbage-first heap   total 184320K, used 77302K [0x0000000080000000, 0x0000000100000000)
  region size 1024K, 3 young (3072K), 3 survivors (3072K)
 Metaspace       used 46630K, capacity 47875K, committed 48128K, reserved 1091584K
  class space    used 5889K, capacity 6346K, committed 6400K, reserved 1048576K
}
Event: 22.834 GC heap before
{Heap before GC invocations=34 (full 0):
 garbage-first heap   total 184320K, used 120310K [0x0000000080000000, 0x0000000100000000)
  region size 1024K, 45 young (46080K), 3 survivors (3072K)
 Metaspace       used 48852K, capacity 50257K, committed 50432K, reserved 1093632K
  class space    used 6168K, capacity 6644K, committed 6656K, reserved 1048576K
}
Event: 22.863 GC heap after
{Heap after GC invocations=35 (full 0):
 garbage-first heap   total 184320K, used 79844K [0x0000000080000000, 0x0000000100000000)
  region size 1024K, 5 young (5120K), 5 survivors (5120K)
 Metaspace       used 48852K, capacity 50257K, committed 50432K, reserved 1093632K
  class space    used 6168K, capacity 6644K, committed 6656K, reserved 1048576K
}
Event: 23.728 GC heap before
{Heap before GC invocations=35 (full 0):
 garbage-first heap   total 184320K, used 104420K [0x0000000080000000, 0x0000000100000000)
  region size 1024K, 24 young (24576K), 5 survivors (5120K)
 Metaspace       used 49217K, capacity 50619K, committed 50688K, reserved 1093632K
  class space    used 6197K, capacity 6651K, committed 6656K, reserved 1048576K
}
Event: 23.757 GC heap after
{Heap after GC invocations=36 (full 0):
 garbage-first heap   total 184320K, used 92212K [0x0000000080000000, 0x0000000100000000)
  region size 1024K, 8 young (8192K), 8 survivors (8192K)
 Metaspace       used 49217K, capacity 50619K, committed 50688K, reserved 1093632K
  class space    used 6197K, capacity 6651K, committed 6656K, reserved 1048576K
}
Event: 24.939 GC heap before
{Heap before GC invocations=37 (full 0):
 garbage-first heap   total 184320K, used 133172K [0x0000000080000000, 0x0000000100000000)
  region size 1024K, 46 young (47104K), 8 survivors (8192K)
 Metaspace       used 52288K, capacity 53707K, committed 53760K, reserved 1095680K
  class space    used 6688K, capacity 7168K, committed 7168K, reserved 1048576K
}
Event: 24.983 GC heap after
{Heap after GC invocations=38 (full 0):
 garbage-first heap   total 184320K, used 97195K [0x0000000080000000, 0x0000000100000000)
  region size 1024K, 4 young (4096K), 4 survivors (4096K)
 Metaspace       used 52288K, capacity 53707K, committed 53760K, reserved 1095680K
  class space    used 6688K, capacity 7168K, committed 7168K, reserved 1048576K
}
Event: 26.197 GC heap before
{Heap before GC invocations=38 (full 0):
 garbage-first heap   total 184320K, used 136107K [0x0000000080000000, 0x0000000100000000)
  region size 1024K, 42 young (43008K), 4 survivors (4096K)
 Metaspace       used 57353K, capacity 59050K, committed 59392K, reserved 1101824K
  class space    used 7293K, capacity 7837K, committed 7936K, reserved 1048576K
}
Event: 26.208 GC heap after
{Heap after GC invocations=39 (full 0):
 garbage-first heap   total 316416K, used 98511K [0x0000000080000000, 0x0000000100000000)
  region size 1024K, 5 young (5120K), 5 survivors (5120K)
 Metaspace       used 57353K, capacity 59050K, committed 59392K, reserved 1101824K
  class space    used 7293K, capacity 7837K, committed 7936K, reserved 1048576K
}
Event: 29.037 GC heap before
{Heap before GC invocations=40 (full 0):
 garbage-first heap   total 316416K, used 195791K [0x0000000080000000, 0x0000000100000000)
  region size 1024K, 100 young (102400K), 5 survivors (5120K)
 Metaspace       used 68795K, capacity 70573K, committed 70784K, reserved 1110016K
  class space    used 8662K, capacity 9278K, committed 9344K, reserved 1048576K
}
Event: 29.082 GC heap after
{Heap after GC invocations=41 (full 0):
 garbage-first heap   total 316416K, used 105420K [0x0000000080000000, 0x0000000100000000)
  region size 1024K, 12 young (12288K), 12 survivors (12288K)
 Metaspace       used 68795K, capacity 70573K, committed 70784K, reserved 1110016K
  class space    used 8662K, capacity 9278K, committed 9344K, reserved 1048576K
}
Event: 34.045 GC heap before
{Heap before GC invocations=41 (full 0):
 garbage-first heap   total 316416K, used 219084K [0x0000000080000000, 0x0000000100000000)
  region size 1024K, 124 young (126976K), 12 survivors (12288K)
 Metaspace       used 79287K, capacity 81438K, committed 81792K, reserved 1120256K
  class space    used 10108K, capacity 10863K, committed 10880K, reserved 1048576K
}
Event: 34.128 GC heap after
{Heap after GC invocations=42 (full 0):
 garbage-first heap   total 316416K, used 112524K [0x0000000080000000, 0x0000000100000000)
  region size 1024K, 14 young (14336K), 14 survivors (14336K)
 Metaspace       used 79287K, capacity 81438K, committed 81792K, reserved 1120256K
  class space    used 10108K, capacity 10863K, committed 10880K, reserved 1048576K
}
Event: 37.823 GC heap before
{Heap before GC invocations=42 (full 0):
 garbage-first heap   total 316416K, used 258956K [0x0000000080000000, 0x0000000100000000)
  region size 1024K, 139 young (142336K), 14 survivors (14336K)
 Metaspace       used 88454K, capacity 90701K, committed 91136K, reserved 1128448K
  class space    used 11116K, capacity 11924K, committed 12032K, reserved 1048576K
}
Event: 37.929 GC heap after
{Heap after GC invocations=43 (full 0):
 garbage-first heap   total 316416K, used 141440K [0x0000000080000000, 0x0000000100000000)
  region size 1024K, 18 young (18432K), 18 survivors (18432K)
 Metaspace       used 88454K, capacity 90701K, committed 91136K, reserved 1128448K
  class space    used 11116K, capacity 11924K, committed 12032K, reserved 1048576K
}
Event: 40.452 GC heap before
{Heap before GC invocations=43 (full 0):
 garbage-first heap   total 316416K, used 224384K [0x0000000080000000, 0x0000000100000000)
  region size 1024K, 100 young (102400K), 18 survivors (18432K)
 Metaspace       used 96768K, capacity 99186K, committed 99416K, reserved 1136640K
  class space    used 12230K, capacity 13128K, committed 13184K, reserved 1048576K
}
Event: 40.561 GC heap after
{Heap after GC invocations=44 (full 0):
 garbage-first heap   total 316416K, used 146944K [0x0000000080000000, 0x0000000100000000)
  region size 1024K, 6 young (6144K), 6 survivors (6144K)
 Metaspace       used 96768K, capacity 99186K, committed 99416K, reserved 1136640K
  class space    used 12230K, capacity 13128K, committed 13184K, reserved 1048576K
}
Event: 48.819 GC heap before
{Heap before GC invocations=45 (full 0):
 garbage-first heap   total 316416K, used 246272K [0x0000000080000000, 0x0000000100000000)
  region size 1024K, 104 young (106496K), 6 survivors (6144K)
 Metaspace       used 103771K, capacity 106324K, committed 106456K, reserved 1142784K
  class space    used 13127K, capacity 14043K, committed 14080K, reserved 1048576K
}

