# JRE version: OpenJDK Runtime Environment (11.0.13) (build 11.0.13+0-b1751.21-8125866)
# Java VM: OpenJDK 64-Bit Server VM (11.0.13+0-b1751.21-8125866, mixed mode, tiered, compressed oops, g1 gc, linux-amd64)
Heap:
 garbage-first heap   total 611328K, used 275299K [0x0000000080000000, 0x0000000100000000)
  region size 1024K, 12 young (12288K), 12 survivors (12288K)
 Metaspace       used 133429K, capacity 136962K, committed 137216K, reserved 1169408K
  class space    used 16532K, capacity 17827K, committed 17920K, reserved 1048576K
GC Heap History (20 events):
Event: 1173.701 GC heap after
{Heap after GC invocations=70 (full 0):
 garbage-first heap   total 328704K, used 198595K [0x0000000080000000, 0x0000000100000000)
  region size 1024K, 1 young (1024K), 1 survivors (1024K)
 Metaspace       used 117004K, capacity 120076K, committed 120576K, reserved 1155072K
  class space    used 14418K, capacity 15518K, committed 15616K, reserved 1048576K
}
Event: 1173.770 GC heap before
{Heap before GC invocations=70 (full 0):
 garbage-first heap   total 328704K, used 236483K [0x0000000080000000, 0x0000000100000000)
  region size 1024K, 38 young (38912K), 1 survivors (1024K)
 Metaspace       used 117013K, capacity 120076K, committed 120576K, reserved 1155072K
  class space    used 14418K, capacity 15518K, committed 15616K, reserved 1048576K
}
Event: 1173.774 GC heap after
{Heap after GC invocations=71 (full 0):
 garbage-first heap   total 328704K, used 198133K [0x0000000080000000, 0x0000000100000000)
  region size 1024K, 1 young (1024K), 1 survivors (1024K)
 Metaspace       used 117013K, capacity 120076K, committed 120576K, reserved 1155072K
  class space    used 14418K, capacity 15518K, committed 15616K, reserved 1048576K
}
Event: 1173.880 GC heap before
{Heap before GC invocations=71 (full 0):
 garbage-first heap   total 328704K, used 250357K [0x0000000080000000, 0x0000000100000000)
  region size 1024K, 52 young (53248K), 1 survivors (1024K)
 Metaspace       used 117014K, capacity 120076K, committed 120576K, reserved 1155072K
  class space    used 14418K, capacity 15518K, committed 15616K, reserved 1048576K
}
Event: 1173.883 GC heap after
{Heap after GC invocations=72 (full 0):
 garbage-first heap   total 328704K, used 198050K [0x0000000080000000, 0x0000000100000000)
  region size 1024K, 1 young (1024K), 1 survivors (1024K)
 Metaspace       used 117014K, capacity 120076K, committed 120576K, reserved 1155072K
  class space    used 14418K, capacity 15518K, committed 15616K, reserved 1048576K
}
Event: 1174.381 GC heap before
{Heap before GC invocations=73 (full 0):
 garbage-first heap   total 328704K, used 269730K [0x0000000080000000, 0x0000000100000000)
  region size 1024K, 56 young (57344K), 1 survivors (1024K)
 Metaspace       used 117645K, capacity 120768K, committed 121216K, reserved 1155072K
  class space    used 14464K, capacity 15567K, committed 15744K, reserved 1048576K
}
Event: 1174.392 GC heap after
{Heap after GC invocations=74 (full 0):
 garbage-first heap   total 328704K, used 201376K [0x0000000080000000, 0x0000000100000000)
  region size 1024K, 4 young (4096K), 4 survivors (4096K)
 Metaspace       used 117645K, capacity 120768K, committed 121216K, reserved 1155072K
  class space    used 14464K, capacity 15567K, committed 15744K, reserved 1048576K
}
Event: 1174.745 GC heap before
{Heap before GC invocations=74 (full 0):
 garbage-first heap   total 328704K, used 213664K [0x0000000080000000, 0x0000000100000000)
  region size 1024K, 16 young (16384K), 4 survivors (4096K)
 Metaspace       used 120010K, capacity 123098K, committed 123648K, reserved 1157120K
  class space    used 14663K, capacity 15759K, committed 15872K, reserved 1048576K
}
Event: 1174.766 GC heap after
{Heap after GC invocations=75 (full 0):
 garbage-first heap   total 328704K, used 201068K [0x0000000080000000, 0x0000000100000000)
  region size 1024K, 2 young (2048K), 2 survivors (2048K)
 Metaspace       used 120010K, capacity 123098K, committed 123648K, reserved 1157120K
  class space    used 14663K, capacity 15759K, committed 15872K, reserved 1048576K
}
Event: 1175.353 GC heap before
{Heap before GC invocations=75 (full 0):
 garbage-first heap   total 328704K, used 259436K [0x0000000080000000, 0x0000000100000000)
  region size 1024K, 59 young (60416K), 2 survivors (2048K)
 Metaspace       used 120998K, capacity 124122K, committed 124544K, reserved 1157120K
  class space    used 14727K, capacity 15823K, committed 16000K, reserved 1048576K
}
Event: 1175.371 GC heap after
{Heap after GC invocations=76 (full 0):
 garbage-first heap   total 328704K, used 203867K [0x0000000080000000, 0x0000000100000000)
  region size 1024K, 4 young (4096K), 4 survivors (4096K)
 Metaspace       used 120998K, capacity 124122K, committed 124544K, reserved 1157120K
  class space    used 14727K, capacity 15823K, committed 16000K, reserved 1048576K
}
Event: 1176.048 GC heap before
{Heap before GC invocations=77 (full 0):
 garbage-first heap   total 328704K, used 249947K [0x0000000080000000, 0x0000000100000000)
  region size 1024K, 63 young (64512K), 4 survivors (4096K)
 Metaspace       used 122129K, capacity 125243K, committed 125824K, reserved 1159168K
  class space    used 14833K, capacity 15895K, committed 16000K, reserved 1048576K
}
Event: 1176.065 GC heap after
{Heap after GC invocations=78 (full 0):
 garbage-first heap   total 413696K, used 192118K [0x0000000080000000, 0x0000000100000000)
  region size 1024K, 6 young (6144K), 6 survivors (6144K)
 Metaspace       used 122129K, capacity 125243K, committed 125824K, reserved 1159168K
  class space    used 14833K, capacity 15895K, committed 16000K, reserved 1048576K
}
Event: 1176.504 GC heap before
{Heap before GC invocations=78 (full 0):
 garbage-first heap   total 413696K, used 205430K [0x0000000080000000, 0x0000000100000000)
  region size 1024K, 20 young (20480K), 6 survivors (6144K)
 Metaspace       used 123414K, capacity 126560K, committed 126976K, reserved 1161216K
  class space    used 14974K, capacity 16076K, committed 16128K, reserved 1048576K
}
Event: 1176.535 GC heap after
{Heap after GC invocations=79 (full 0):
 garbage-first heap   total 413696K, used 183890K [0x0000000080000000, 0x0000000100000000)
  region size 1024K, 3 young (3072K), 3 survivors (3072K)
 Metaspace       used 123414K, capacity 126560K, committed 126976K, reserved 1161216K
  class space    used 14974K, capacity 16076K, committed 16128K, reserved 1048576K
}
Event: 1178.250 GC heap before
{Heap before GC invocations=79 (full 0):
 garbage-first heap   total 413696K, used 283218K [0x0000000080000000, 0x0000000100000000)
  region size 1024K, 101 young (103424K), 3 survivors (3072K)
 Metaspace       used 124989K, capacity 128130K, committed 128384K, reserved 1161216K
  class space    used 15147K, capacity 16244K, committed 16256K, reserved 1048576K
}
Event: 1178.280 GC heap after
{Heap after GC invocations=80 (full 0):
 garbage-first heap   total 413696K, used 189923K [0x0000000080000000, 0x0000000100000000)
  region size 1024K, 9 young (9216K), 9 survivors (9216K)
 Metaspace       used 124989K, capacity 128130K, committed 128384K, reserved 1161216K
  class space    used 15147K, capacity 16244K, committed 16256K, reserved 1048576K
}
Event: 1181.083 GC heap before
{Heap before GC invocations=80 (full 0):
 garbage-first heap   total 413696K, used 330211K [0x0000000080000000, 0x0000000100000000)
  region size 1024K, 115 young (117760K), 9 survivors (9216K)
 Metaspace       used 131943K, capacity 135493K, committed 135680K, reserved 1167360K
  class space    used 16275K, capacity 17554K, committed 17664K, reserved 1048576K
}
Event: 1181.176 GC heap after
{Heap after GC invocations=81 (full 0):
 garbage-first heap   total 413696K, used 239855K [0x0000000080000000, 0x0000000100000000)
  region size 1024K, 15 young (15360K), 15 survivors (15360K)
 Metaspace       used 131943K, capacity 135493K, committed 135680K, reserved 1167360K
  class space    used 16275K, capacity 17554K, committed 17664K, reserved 1048576K
}
Event: 1182.058 GC heap before
{Heap before GC invocations=81 (full 0):
 garbage-first heap   total 413696K, used 317679K [0x0000000080000000, 0x0000000100000000)
  region size 1024K, 92 young (94208K), 15 survivors (15360K)
 Metaspace       used 133429K, capacity 136962K, committed 137216K, reserved 1169408K
  class space    used 16532K, capacity 17827K, committed 17920K, reserved 1048576K
}

